Started GET "/" for 127.0.0.1 at 2018-09-10 08:23:35 -0500
Processing by Rails::WelcomeController#index as HTML
  Rendering /Users/jordanluft/.rvm/gems/ruby-2.4.4/gems/railties-5.2.1/lib/rails/templates/rails/welcome/index.html.erb
  Rendered /Users/jordanluft/.rvm/gems/ruby-2.4.4/gems/railties-5.2.1/lib/rails/templates/rails/welcome/index.html.erb (3.1ms)
Completed 200 OK in 21ms (Views: 10.6ms | ActiveRecord: 0.0ms)


  [1m[35m (0.5ms)[0m  [1m[34mSELECT sqlite_version(*)[0m
  ↳ bin/rails:9
  [1m[35m (1.5ms)[0m  [1m[35mCREATE TABLE "schema_migrations" ("version" varchar NOT NULL PRIMARY KEY)[0m
  ↳ bin/rails:9
  [1m[35m (1.1ms)[0m  [1m[35mCREATE TABLE "ar_internal_metadata" ("key" varchar NOT NULL PRIMARY KEY, "value" varchar, "created_at" datetime NOT NULL, "updated_at" datetime NOT NULL)[0m
  ↳ bin/rails:9
  [1m[35m (0.1ms)[0m  [1m[34mSELECT "schema_migrations"."version" FROM "schema_migrations" ORDER BY "schema_migrations"."version" ASC[0m
  ↳ bin/rails:9
Migrating to DeviseCreateUsers (20180910133919)
  [1m[35m (0.0ms)[0m  [1m[36mbegin transaction[0m
  ↳ bin/rails:9
  [1m[35m (0.4ms)[0m  [1m[35mCREATE TABLE "users" ("id" integer PRIMARY KEY AUTOINCREMENT NOT NULL, "email" varchar DEFAULT '' NOT NULL, "encrypted_password" varchar DEFAULT '' NOT NULL, "reset_password_token" varchar, "reset_password_sent_at" datetime, "remember_created_at" datetime, "created_at" datetime NOT NULL, "updated_at" datetime NOT NULL)[0m
  ↳ db/migrate/20180910133919_devise_create_users.rb:5
  [1m[35m (0.1ms)[0m  [1m[35mCREATE UNIQUE INDEX "index_users_on_email" ON "users" ("email")[0m
  ↳ db/migrate/20180910133919_devise_create_users.rb:39
  [1m[35m (0.1ms)[0m  [1m[35mCREATE UNIQUE INDEX "index_users_on_reset_password_token" ON "users" ("reset_password_token")[0m
  ↳ db/migrate/20180910133919_devise_create_users.rb:40
  [1m[36mActiveRecord::SchemaMigration Create (0.1ms)[0m  [1m[32mINSERT INTO "schema_migrations" ("version") VALUES (?)[0m  [["version", "20180910133919"]]
  ↳ bin/rails:9
  [1m[35m (0.9ms)[0m  [1m[36mcommit transaction[0m
  ↳ bin/rails:9
  [1m[36mActiveRecord::InternalMetadata Load (0.2ms)[0m  [1m[34mSELECT  "ar_internal_metadata".* FROM "ar_internal_metadata" WHERE "ar_internal_metadata"."key" = ? LIMIT ?[0m  [["key", "environment"], ["LIMIT", 1]]
  ↳ bin/rails:9
  [1m[35m (0.1ms)[0m  [1m[36mbegin transaction[0m
  ↳ bin/rails:9
  [1m[36mActiveRecord::InternalMetadata Create (0.3ms)[0m  [1m[32mINSERT INTO "ar_internal_metadata" ("key", "value", "created_at", "updated_at") VALUES (?, ?, ?, ?)[0m  [["key", "environment"], ["value", "development"], ["created_at", "2018-09-10 13:39:30.559471"], ["updated_at", "2018-09-10 13:39:30.559471"]]
  ↳ bin/rails:9
  [1m[35m (0.7ms)[0m  [1m[36mcommit transaction[0m
  ↳ bin/rails:9
  [1m[35m (0.1ms)[0m  [1m[34mSELECT "schema_migrations"."version" FROM "schema_migrations" ORDER BY "schema_migrations"."version" ASC[0m
  ↳ bin/rails:9
Started GET "/" for 127.0.0.1 at 2018-09-10 08:41:39 -0500
  [1m[35m (0.1ms)[0m  [1m[34mSELECT "schema_migrations"."version" FROM "schema_migrations" ORDER BY "schema_migrations"."version" ASC[0m
  ↳ /Users/jordanluft/.rvm/gems/ruby-2.4.4/gems/activerecord-5.2.1/lib/active_record/log_subscriber.rb:98
Processing by Rails::WelcomeController#index as HTML
  Rendering /Users/jordanluft/.rvm/gems/ruby-2.4.4/gems/railties-5.2.1/lib/rails/templates/rails/welcome/index.html.erb
  Rendered /Users/jordanluft/.rvm/gems/ruby-2.4.4/gems/railties-5.2.1/lib/rails/templates/rails/welcome/index.html.erb (1.7ms)
Completed 200 OK in 15ms (Views: 5.8ms | ActiveRecord: 0.0ms)


  [1m[35m (0.1ms)[0m  [1m[34mSELECT "schema_migrations"."version" FROM "schema_migrations" ORDER BY "schema_migrations"."version" ASC[0m
  ↳ bin/rails:9
Migrating to AddValueToUsers (20180910134843)
  [1m[35m (0.0ms)[0m  [1m[36mbegin transaction[0m
  ↳ bin/rails:9
  [1m[35m (0.3ms)[0m  [1m[35mALTER TABLE "users" ADD "name" varchar[0m
  ↳ db/migrate/20180910134843_add_value_to_users.rb:3
  [1m[35m (0.4ms)[0m  [1m[35mALTER TABLE "users" ADD "username" varchar[0m
  ↳ db/migrate/20180910134843_add_value_to_users.rb:4
  [1m[35m (0.5ms)[0m  [1m[35mALTER TABLE "users" ADD "bio" text[0m
  ↳ db/migrate/20180910134843_add_value_to_users.rb:5
  [1m[35m (0.2ms)[0m  [1m[35mALTER TABLE "users" ADD "location" varchar[0m
  ↳ db/migrate/20180910134843_add_value_to_users.rb:6
  [1m[36mActiveRecord::SchemaMigration Create (0.3ms)[0m  [1m[32mINSERT INTO "schema_migrations" ("version") VALUES (?)[0m  [["version", "20180910134843"]]
  ↳ bin/rails:9
  [1m[35m (0.9ms)[0m  [1m[36mcommit transaction[0m
  ↳ bin/rails:9
  [1m[36mActiveRecord::InternalMetadata Load (0.2ms)[0m  [1m[34mSELECT  "ar_internal_metadata".* FROM "ar_internal_metadata" WHERE "ar_internal_metadata"."key" = ? LIMIT ?[0m  [["key", "environment"], ["LIMIT", 1]]
  ↳ bin/rails:9
  [1m[35m (0.1ms)[0m  [1m[36mbegin transaction[0m
  ↳ bin/rails:9
  [1m[35m (0.0ms)[0m  [1m[36mcommit transaction[0m
  ↳ bin/rails:9
  [1m[35m (0.1ms)[0m  [1m[34mSELECT "schema_migrations"."version" FROM "schema_migrations" ORDER BY "schema_migrations"."version" ASC[0m
  ↳ bin/rails:9
Started GET "/" for 127.0.0.1 at 2018-09-10 08:50:16 -0500
  [1m[35m (0.1ms)[0m  [1m[34mSELECT "schema_migrations"."version" FROM "schema_migrations" ORDER BY "schema_migrations"."version" ASC[0m
  ↳ /Users/jordanluft/.rvm/gems/ruby-2.4.4/gems/activerecord-5.2.1/lib/active_record/log_subscriber.rb:98
Processing by Rails::WelcomeController#index as HTML
  Rendering /Users/jordanluft/.rvm/gems/ruby-2.4.4/gems/railties-5.2.1/lib/rails/templates/rails/welcome/index.html.erb
  Rendered /Users/jordanluft/.rvm/gems/ruby-2.4.4/gems/railties-5.2.1/lib/rails/templates/rails/welcome/index.html.erb (2.3ms)
Completed 200 OK in 13ms (Views: 7.9ms | ActiveRecord: 0.0ms)


Started GET "/" for 127.0.0.1 at 2018-09-10 08:52:42 -0500
Processing by Rails::WelcomeController#index as HTML
  Rendering /Users/jordanluft/.rvm/gems/ruby-2.4.4/gems/railties-5.2.1/lib/rails/templates/rails/welcome/index.html.erb
  Rendered /Users/jordanluft/.rvm/gems/ruby-2.4.4/gems/railties-5.2.1/lib/rails/templates/rails/welcome/index.html.erb (1.6ms)
Completed 200 OK in 9ms (Views: 5.0ms | ActiveRecord: 0.0ms)


  [1m[35m (0.1ms)[0m  [1m[34mSELECT "schema_migrations"."version" FROM "schema_migrations" ORDER BY "schema_migrations"."version" ASC[0m
  ↳ bin/rails:9
Migrating to CreateTweets (20180910140102)
  [1m[35m (0.1ms)[0m  [1m[36mbegin transaction[0m
  ↳ bin/rails:9
  [1m[35m (0.0ms)[0m  [1m[31mrollback transaction[0m
  ↳ bin/rails:9
  [1m[35m (0.1ms)[0m  [1m[34mSELECT "schema_migrations"."version" FROM "schema_migrations" ORDER BY "schema_migrations"."version" ASC[0m
  ↳ bin/rails:9
Migrating to CreateTweets (20180910140102)
  [1m[35m (0.1ms)[0m  [1m[36mbegin transaction[0m
  ↳ bin/rails:9
  [1m[35m (0.1ms)[0m  [1m[31mrollback transaction[0m
  ↳ bin/rails:9
  [1m[35m (0.1ms)[0m  [1m[34mSELECT "schema_migrations"."version" FROM "schema_migrations" ORDER BY "schema_migrations"."version" ASC[0m
  ↳ bin/rails:9
Migrating to CreateTweets (20180910140102)
  [1m[35m (0.0ms)[0m  [1m[36mbegin transaction[0m
  ↳ bin/rails:9
  [1m[35m (0.0ms)[0m  [1m[31mrollback transaction[0m
  ↳ bin/rails:9
  [1m[35m (0.1ms)[0m  [1m[34mSELECT "schema_migrations"."version" FROM "schema_migrations" ORDER BY "schema_migrations"."version" ASC[0m
  ↳ bin/rails:9
Migrating to CreateTweets (20180910140102)
  [1m[35m (0.3ms)[0m  [1m[36mbegin transaction[0m
  ↳ bin/rails:9
  [1m[35m (0.1ms)[0m  [1m[31mrollback transaction[0m
  ↳ bin/rails:9
  [1m[35m (0.1ms)[0m  [1m[34mSELECT "schema_migrations"."version" FROM "schema_migrations" ORDER BY "schema_migrations"."version" ASC[0m
  ↳ bin/rails:9
Migrating to CreateTweets (20180910140102)
  [1m[35m (0.1ms)[0m  [1m[36mbegin transaction[0m
  ↳ bin/rails:9
  [1m[35m (0.2ms)[0m  [1m[34mSELECT sqlite_version(*)[0m
  ↳ db/migrate/20180910140102_create_tweets.rb:3
  [1m[35m (0.6ms)[0m  [1m[35mCREATE TABLE "tweets" ("id" integer PRIMARY KEY AUTOINCREMENT NOT NULL, "message" varchar, "user_id" integer, "created_at" datetime NOT NULL, "updated_at" datetime NOT NULL)[0m
  ↳ db/migrate/20180910140102_create_tweets.rb:3
  [1m[36mActiveRecord::SchemaMigration Create (0.3ms)[0m  [1m[32mINSERT INTO "schema_migrations" ("version") VALUES (?)[0m  [["version", "20180910140102"]]
  ↳ bin/rails:9
  [1m[35m (0.7ms)[0m  [1m[36mcommit transaction[0m
  ↳ bin/rails:9
Migrating to AddAvatarToUsers (20180910141033)
  [1m[35m (0.0ms)[0m  [1m[36mbegin transaction[0m
  ↳ bin/rails:9
  [1m[35m (0.4ms)[0m  [1m[35mALTER TABLE "users" ADD "avatar" varchar[0m
  ↳ db/migrate/20180910141033_add_avatar_to_users.rb:3
  [1m[36mActiveRecord::SchemaMigration Create (0.1ms)[0m  [1m[32mINSERT INTO "schema_migrations" ("version") VALUES (?)[0m  [["version", "20180910141033"]]
  ↳ bin/rails:9
  [1m[35m (0.6ms)[0m  [1m[36mcommit transaction[0m
  ↳ bin/rails:9
  [1m[36mActiveRecord::InternalMetadata Load (0.1ms)[0m  [1m[34mSELECT  "ar_internal_metadata".* FROM "ar_internal_metadata" WHERE "ar_internal_metadata"."key" = ? LIMIT ?[0m  [["key", "environment"], ["LIMIT", 1]]
  ↳ bin/rails:9
  [1m[35m (0.0ms)[0m  [1m[36mbegin transaction[0m
  ↳ bin/rails:9
  [1m[35m (0.0ms)[0m  [1m[36mcommit transaction[0m
  ↳ bin/rails:9
  [1m[35m (0.1ms)[0m  [1m[34mSELECT "schema_migrations"."version" FROM "schema_migrations" ORDER BY "schema_migrations"."version" ASC[0m
  ↳ bin/rails:9
Started GET "/" for 127.0.0.1 at 2018-09-10 09:13:30 -0500
  [1m[35m (0.1ms)[0m  [1m[34mSELECT "schema_migrations"."version" FROM "schema_migrations" ORDER BY "schema_migrations"."version" ASC[0m
  ↳ /Users/jordanluft/.rvm/gems/ruby-2.4.4/gems/activerecord-5.2.1/lib/active_record/log_subscriber.rb:98
Processing by Rails::WelcomeController#index as HTML
  Rendering /Users/jordanluft/.rvm/gems/ruby-2.4.4/gems/railties-5.2.1/lib/rails/templates/rails/welcome/index.html.erb
  Rendered /Users/jordanluft/.rvm/gems/ruby-2.4.4/gems/railties-5.2.1/lib/rails/templates/rails/welcome/index.html.erb (1.9ms)
Completed 200 OK in 15ms (Views: 6.2ms | ActiveRecord: 0.0ms)


Started GET "/" for 127.0.0.1 at 2018-09-10 09:21:09 -0500
  [1m[35m (0.2ms)[0m  [1m[34mSELECT "schema_migrations"."version" FROM "schema_migrations" ORDER BY "schema_migrations"."version" ASC[0m
  ↳ /Users/jordanluft/.rvm/gems/ruby-2.4.4/gems/activerecord-5.2.1/lib/active_record/log_subscriber.rb:98
Processing by TweetsController#index as HTML
Completed 401 Unauthorized in 12ms (ActiveRecord: 0.0ms)


Started GET "/users/sign_in" for 127.0.0.1 at 2018-09-10 09:21:09 -0500
Processing by Devise::SessionsController#new as HTML
  Rendering devise/sessions/new.html.erb within layouts/application
  Rendered devise/shared/_links.html.erb (1.1ms)
  Rendered devise/sessions/new.html.erb within layouts/application (22.9ms)
Completed 500 Internal Server Error in 293ms (ActiveRecord: 0.9ms)


  
ActionView::Template::Error (File to import not found or unreadable: bootsrap-sprockets.
Load paths:
  /Users/jordanluft/Documents/GitHub/Twitter-/app/assets/config
  /Users/jordanluft/Documents/GitHub/Twitter-/app/assets/images
  /Users/jordanluft/Documents/GitHub/Twitter-/app/assets/javascripts
  /Users/jordanluft/Documents/GitHub/Twitter-/app/assets/stylesheets
  /Users/jordanluft/.rvm/gems/ruby-2.4.4/gems/font-awesome-rails-4.7.0.4/app/assets/fonts
  /Users/jordanluft/.rvm/gems/ruby-2.4.4/gems/font-awesome-rails-4.7.0.4/app/assets/stylesheets
  /Users/jordanluft/.rvm/gems/ruby-2.4.4/gems/jquery-rails-4.3.3/vendor/assets/javascripts
  /Users/jordanluft/.rvm/gems/ruby-2.4.4/gems/coffee-rails-4.2.2/lib/assets/javascripts
  /Users/jordanluft/.rvm/gems/ruby-2.4.4/gems/actioncable-5.2.1/lib/assets/compiled
  /Users/jordanluft/.rvm/gems/ruby-2.4.4/gems/activestorage-5.2.1/app/assets/javascripts
  /Users/jordanluft/.rvm/gems/ruby-2.4.4/gems/actionview-5.2.1/lib/assets/compiled
  /Users/jordanluft/.rvm/gems/ruby-2.4.4/gems/turbolinks-source-5.2.0/lib/assets/javascripts
  /Users/jordanluft/Documents/GitHub/Twitter-/node_modules
  /Users/jordanluft/.rvm/gems/ruby-2.4.4/gems/bootstrap-sass-3.3.7/assets/stylesheets
  /Users/jordanluft/.rvm/gems/ruby-2.4.4/gems/bootstrap-sass-3.3.7/assets/javascripts
  /Users/jordanluft/.rvm/gems/ruby-2.4.4/gems/bootstrap-sass-3.3.7/assets/fonts
  /Users/jordanluft/.rvm/gems/ruby-2.4.4/gems/bootstrap-sass-3.3.7/assets/images
  /Users/jordanluft/.rvm/gems/ruby-2.4.4/gems/bootstrap-sass-3.3.7/assets/stylesheets):
     5:     <%= csrf_meta_tags %>
     6:     <%= csp_meta_tag %>
     7: 
     8:     <%= stylesheet_link_tag    'application', media: 'all', 'data-turbolinks-track': 'reload' %>
     9:     <%= javascript_include_tag 'application', 'data-turbolinks-track': 'reload' %>
    10:   </head>
    11: 
  
app/assets/stylesheets/application.scss:18
app/views/layouts/application.html.erb:8:in `_app_views_layouts_application_html_erb__1524311962956233498_70362841821560'
Started GET "/users/sign_in" for 127.0.0.1 at 2018-09-10 09:27:19 -0500
Processing by Devise::SessionsController#new as HTML
  Rendering devise/sessions/new.html.erb within layouts/application
  Rendered devise/shared/_links.html.erb (0.7ms)
  Rendered devise/sessions/new.html.erb within layouts/application (5.6ms)
Completed 500 Internal Server Error in 65ms (ActiveRecord: 0.5ms)


  
ActionView::Template::Error (File to import not found or unreadable: bootsrap-sprockets.
Load paths:
  /Users/jordanluft/Documents/GitHub/Twitter-/app/assets/config
  /Users/jordanluft/Documents/GitHub/Twitter-/app/assets/images
  /Users/jordanluft/Documents/GitHub/Twitter-/app/assets/javascripts
  /Users/jordanluft/Documents/GitHub/Twitter-/app/assets/stylesheets
  /Users/jordanluft/.rvm/gems/ruby-2.4.4/gems/font-awesome-rails-4.7.0.4/app/assets/fonts
  /Users/jordanluft/.rvm/gems/ruby-2.4.4/gems/font-awesome-rails-4.7.0.4/app/assets/stylesheets
  /Users/jordanluft/.rvm/gems/ruby-2.4.4/gems/jquery-rails-4.3.3/vendor/assets/javascripts
  /Users/jordanluft/.rvm/gems/ruby-2.4.4/gems/coffee-rails-4.2.2/lib/assets/javascripts
  /Users/jordanluft/.rvm/gems/ruby-2.4.4/gems/actioncable-5.2.1/lib/assets/compiled
  /Users/jordanluft/.rvm/gems/ruby-2.4.4/gems/activestorage-5.2.1/app/assets/javascripts
  /Users/jordanluft/.rvm/gems/ruby-2.4.4/gems/actionview-5.2.1/lib/assets/compiled
  /Users/jordanluft/.rvm/gems/ruby-2.4.4/gems/turbolinks-source-5.2.0/lib/assets/javascripts
  /Users/jordanluft/Documents/GitHub/Twitter-/node_modules
  /Users/jordanluft/.rvm/gems/ruby-2.4.4/gems/bootstrap-sass-3.3.7/assets/stylesheets
  /Users/jordanluft/.rvm/gems/ruby-2.4.4/gems/bootstrap-sass-3.3.7/assets/javascripts
  /Users/jordanluft/.rvm/gems/ruby-2.4.4/gems/bootstrap-sass-3.3.7/assets/fonts
  /Users/jordanluft/.rvm/gems/ruby-2.4.4/gems/bootstrap-sass-3.3.7/assets/images
  /Users/jordanluft/.rvm/gems/ruby-2.4.4/gems/bootstrap-sass-3.3.7/assets/stylesheets):
     5:     <%= csrf_meta_tags %>
     6:     <%= csp_meta_tag %>
     7: 
     8:     <%= stylesheet_link_tag    'application', media: 'all', 'data-turbolinks-track': 'reload' %>
     9:     <%= javascript_include_tag 'application', 'data-turbolinks-track': 'reload' %>
    10:   </head>
    11: 
  
app/assets/stylesheets/application.scss:18
app/views/layouts/application.html.erb:8:in `_app_views_layouts_application_html_erb__1524311962956233498_70362889651520'
Started GET "/users/sign_in" for 127.0.0.1 at 2018-09-10 09:27:47 -0500
Processing by Devise::SessionsController#new as HTML
  Rendering devise/sessions/new.html.erb within layouts/application
  Rendered devise/shared/_links.html.erb (0.6ms)
  Rendered devise/sessions/new.html.erb within layouts/application (4.6ms)
Completed 500 Internal Server Error in 27ms (ActiveRecord: 0.0ms)


  
ActionView::Template::Error (Invalid CSS after "...ort "bootstrap"": expected selector or at-rule, was "@import "font-a..."):
     5:     <%= csrf_meta_tags %>
     6:     <%= csp_meta_tag %>
     7: 
     8:     <%= stylesheet_link_tag    'application', media: 'all', 'data-turbolinks-track': 'reload' %>
     9:     <%= javascript_include_tag 'application', 'data-turbolinks-track': 'reload' %>
    10:   </head>
    11: 
  
app/assets/stylesheets/application.scss:20
app/views/layouts/application.html.erb:8:in `_app_views_layouts_application_html_erb__1524311962956233498_70362847294220'
Started GET "/users/sign_in" for 127.0.0.1 at 2018-09-10 09:28:06 -0500
Processing by Devise::SessionsController#new as HTML
  Rendering devise/sessions/new.html.erb within layouts/application
  Rendered devise/shared/_links.html.erb (1.1ms)
  Rendered devise/sessions/new.html.erb within layouts/application (5.5ms)
Completed 200 OK in 3250ms (Views: 3248.8ms | ActiveRecord: 0.0ms)


Started POST "/users/sign_in" for 127.0.0.1 at 2018-09-10 09:28:29 -0500
Processing by Devise::SessionsController#create as HTML
  Parameters: {"utf8"=>"✓", "authenticity_token"=>"tHi3vWJ42mYAONcI7GaLVSN8Y7qPnaSakoNaXyxpuTb+CCedlUITTVX0+6XTIPEFHhULzsB574l/AmAlGDScug==", "user"=>{"email"=>"test@tes.com", "password"=>"[FILTERED]", "remember_me"=>"1"}, "commit"=>"Log in"}
  [1m[36mUser Load (0.2ms)[0m  [1m[34mSELECT  "users".* FROM "users" WHERE "users"."email" = ? ORDER BY "users"."id" ASC LIMIT ?[0m  [["email", "test@tes.com"], ["LIMIT", 1]]
  ↳ /Users/jordanluft/.rvm/gems/ruby-2.4.4/gems/activerecord-5.2.1/lib/active_record/log_subscriber.rb:98
Completed 401 Unauthorized in 4ms (ActiveRecord: 0.2ms)


Processing by Devise::SessionsController#new as HTML
  Parameters: {"utf8"=>"✓", "authenticity_token"=>"tHi3vWJ42mYAONcI7GaLVSN8Y7qPnaSakoNaXyxpuTb+CCedlUITTVX0+6XTIPEFHhULzsB574l/AmAlGDScug==", "user"=>{"email"=>"test@tes.com", "password"=>"[FILTERED]", "remember_me"=>"1"}, "commit"=>"Log in"}
  Rendering devise/sessions/new.html.erb within layouts/application
  Rendered devise/shared/_links.html.erb (0.6ms)
  Rendered devise/sessions/new.html.erb within layouts/application (4.8ms)
Completed 200 OK in 163ms (Views: 56.1ms | ActiveRecord: 0.0ms)


Started GET "/users/sign_up" for 127.0.0.1 at 2018-09-10 09:28:31 -0500
Processing by Devise::RegistrationsController#new as HTML
  Rendering devise/registrations/new.html.erb within layouts/application
  Rendered devise/shared/_links.html.erb (1.1ms)
  Rendered devise/registrations/new.html.erb within layouts/application (7.6ms)
Completed 200 OK in 67ms (Views: 65.8ms | ActiveRecord: 0.0ms)


Started POST "/users" for 127.0.0.1 at 2018-09-10 09:29:11 -0500
Processing by Devise::RegistrationsController#create as HTML
  Parameters: {"utf8"=>"✓", "authenticity_token"=>"Et35O/2iU+1t7/7k2G9BtfMwBVuCOxs4bz8TYPQfk7E3GnBpRGwsFCCZoFPq5S7VL18p6PUjX1sIRmomzka3uQ==", "user"=>{"name"=>"Jack", "username"=>"JackJill", "location"=>"Texas", "bio"=>"I'm good at everything", "email"=>"Test@test.com", "password"=>"[FILTERED]", "password_confirmation"=>"[FILTERED]"}, "commit"=>"Sign up"}
  [1m[35m (0.1ms)[0m  [1m[36mbegin transaction[0m
  ↳ /Users/jordanluft/.rvm/gems/ruby-2.4.4/gems/activerecord-5.2.1/lib/active_record/log_subscriber.rb:98
  [1m[36mUser Exists (0.1ms)[0m  [1m[34mSELECT  1 AS one FROM "users" WHERE "users"."email" = ? LIMIT ?[0m  [["email", "test@test.com"], ["LIMIT", 1]]
  ↳ /Users/jordanluft/.rvm/gems/ruby-2.4.4/gems/activerecord-5.2.1/lib/active_record/log_subscriber.rb:98
  [1m[36mUser Create (0.4ms)[0m  [1m[32mINSERT INTO "users" ("email", "encrypted_password", "created_at", "updated_at", "name", "username", "bio", "location") VALUES (?, ?, ?, ?, ?, ?, ?, ?)[0m  [["email", "test@test.com"], ["encrypted_password", "$2a$11$8WyDPsTtPGEYc/6Oef2aieEWFzDAXab1G2B67GSqBPI2vniG2kIhK"], ["created_at", "2018-09-10 14:29:11.521281"], ["updated_at", "2018-09-10 14:29:11.521281"], ["name", "Jack"], ["username", "JackJill"], ["bio", "I'm good at everything"], ["location", "Texas"]]
  ↳ /Users/jordanluft/.rvm/gems/ruby-2.4.4/gems/activerecord-5.2.1/lib/active_record/log_subscriber.rb:98
  [1m[35m (1.2ms)[0m  [1m[36mcommit transaction[0m
  ↳ /Users/jordanluft/.rvm/gems/ruby-2.4.4/gems/activerecord-5.2.1/lib/active_record/log_subscriber.rb:98
Completed 500 Internal Server Error in 112ms (ActiveRecord: 1.7ms)


  
NoMethodError (undefined method `current_sign_in_at' for #<User:0x00007ffd3faa4b48>):
  
activemodel (5.2.1) lib/active_model/attribute_methods.rb:430:in `method_missing'
devise (4.5.0) lib/devise/models/trackable.rb:21:in `update_tracked_fields'
devise (4.5.0) lib/devise/models/trackable.rb:39:in `update_tracked_fields!'
devise (4.5.0) lib/devise/hooks/trackable.rb:9:in `block in <main>'
warden (1.2.7) lib/warden/hooks.rb:15:in `block in _run_callbacks'
warden (1.2.7) lib/warden/hooks.rb:10:in `each'
warden (1.2.7) lib/warden/hooks.rb:10:in `_run_callbacks'
warden (1.2.7) lib/warden/manager.rb:52:in `_run_callbacks'
warden (1.2.7) lib/warden/proxy.rb:180:in `set_user'
devise (4.5.0) lib/devise/controllers/sign_in_out.rb:53:in `sign_in'
devise (4.5.0) app/controllers/devise/registrations_controller.rb:109:in `sign_up'
devise (4.5.0) app/controllers/devise/registrations_controller.rb:24:in `create'
actionpack (5.2.1) lib/action_controller/metal/basic_implicit_render.rb:6:in `send_action'
actionpack (5.2.1) lib/abstract_controller/base.rb:194:in `process_action'
actionpack (5.2.1) lib/action_controller/metal/rendering.rb:30:in `process_action'
actionpack (5.2.1) lib/abstract_controller/callbacks.rb:42:in `block in process_action'
activesupport (5.2.1) lib/active_support/callbacks.rb:132:in `run_callbacks'
actionpack (5.2.1) lib/abstract_controller/callbacks.rb:41:in `process_action'
actionpack (5.2.1) lib/action_controller/metal/rescue.rb:22:in `process_action'
actionpack (5.2.1) lib/action_controller/metal/instrumentation.rb:34:in `block in process_action'
activesupport (5.2.1) lib/active_support/notifications.rb:168:in `block in instrument'
activesupport (5.2.1) lib/active_support/notifications/instrumenter.rb:23:in `instrument'
activesupport (5.2.1) lib/active_support/notifications.rb:168:in `instrument'
actionpack (5.2.1) lib/action_controller/metal/instrumentation.rb:32:in `process_action'
actionpack (5.2.1) lib/action_controller/metal/params_wrapper.rb:256:in `process_action'
activerecord (5.2.1) lib/active_record/railties/controller_runtime.rb:24:in `process_action'
actionpack (5.2.1) lib/abstract_controller/base.rb:134:in `process'
actionview (5.2.1) lib/action_view/rendering.rb:32:in `process'
actionpack (5.2.1) lib/action_controller/metal.rb:191:in `dispatch'
actionpack (5.2.1) lib/action_controller/metal.rb:252:in `dispatch'
actionpack (5.2.1) lib/action_dispatch/routing/route_set.rb:52:in `dispatch'
actionpack (5.2.1) lib/action_dispatch/routing/route_set.rb:34:in `serve'
actionpack (5.2.1) lib/action_dispatch/routing/mapper.rb:18:in `block in <class:Constraints>'
actionpack (5.2.1) lib/action_dispatch/routing/mapper.rb:48:in `serve'
actionpack (5.2.1) lib/action_dispatch/journey/router.rb:52:in `block in serve'
actionpack (5.2.1) lib/action_dispatch/journey/router.rb:35:in `each'
actionpack (5.2.1) lib/action_dispatch/journey/router.rb:35:in `serve'
actionpack (5.2.1) lib/action_dispatch/routing/route_set.rb:840:in `call'
warden (1.2.7) lib/warden/manager.rb:36:in `block in call'
warden (1.2.7) lib/warden/manager.rb:35:in `catch'
warden (1.2.7) lib/warden/manager.rb:35:in `call'
rack (2.0.5) lib/rack/tempfile_reaper.rb:15:in `call'
rack (2.0.5) lib/rack/etag.rb:25:in `call'
rack (2.0.5) lib/rack/conditional_get.rb:38:in `call'
rack (2.0.5) lib/rack/head.rb:12:in `call'
actionpack (5.2.1) lib/action_dispatch/http/content_security_policy.rb:18:in `call'
rack (2.0.5) lib/rack/session/abstract/id.rb:232:in `context'
rack (2.0.5) lib/rack/session/abstract/id.rb:226:in `call'
actionpack (5.2.1) lib/action_dispatch/middleware/cookies.rb:670:in `call'
activerecord (5.2.1) lib/active_record/migration.rb:559:in `call'
actionpack (5.2.1) lib/action_dispatch/middleware/callbacks.rb:28:in `block in call'
activesupport (5.2.1) lib/active_support/callbacks.rb:98:in `run_callbacks'
actionpack (5.2.1) lib/action_dispatch/middleware/callbacks.rb:26:in `call'
actionpack (5.2.1) lib/action_dispatch/middleware/executor.rb:14:in `call'
actionpack (5.2.1) lib/action_dispatch/middleware/debug_exceptions.rb:61:in `call'
web-console (3.7.0) lib/web_console/middleware.rb:135:in `call_app'
web-console (3.7.0) lib/web_console/middleware.rb:30:in `block in call'
web-console (3.7.0) lib/web_console/middleware.rb:20:in `catch'
web-console (3.7.0) lib/web_console/middleware.rb:20:in `call'
actionpack (5.2.1) lib/action_dispatch/middleware/show_exceptions.rb:33:in `call'
railties (5.2.1) lib/rails/rack/logger.rb:38:in `call_app'
railties (5.2.1) lib/rails/rack/logger.rb:26:in `block in call'
activesupport (5.2.1) lib/active_support/tagged_logging.rb:71:in `block in tagged'
activesupport (5.2.1) lib/active_support/tagged_logging.rb:28:in `tagged'
activesupport (5.2.1) lib/active_support/tagged_logging.rb:71:in `tagged'
railties (5.2.1) lib/rails/rack/logger.rb:26:in `call'
sprockets-rails (3.2.1) lib/sprockets/rails/quiet_assets.rb:13:in `call'
actionpack (5.2.1) lib/action_dispatch/middleware/remote_ip.rb:81:in `call'
actionpack (5.2.1) lib/action_dispatch/middleware/request_id.rb:27:in `call'
rack (2.0.5) lib/rack/method_override.rb:22:in `call'
rack (2.0.5) lib/rack/runtime.rb:22:in `call'
activesupport (5.2.1) lib/active_support/cache/strategy/local_cache_middleware.rb:29:in `call'
actionpack (5.2.1) lib/action_dispatch/middleware/executor.rb:14:in `call'
actionpack (5.2.1) lib/action_dispatch/middleware/static.rb:127:in `call'
rack (2.0.5) lib/rack/sendfile.rb:111:in `call'
railties (5.2.1) lib/rails/engine.rb:524:in `call'
puma (3.12.0) lib/puma/configuration.rb:225:in `call'
puma (3.12.0) lib/puma/server.rb:658:in `handle_request'
puma (3.12.0) lib/puma/server.rb:472:in `process_client'
puma (3.12.0) lib/puma/server.rb:332:in `block in run'
puma (3.12.0) lib/puma/thread_pool.rb:133:in `block in spawn_thread'
Started POST "/users" for 127.0.0.1 at 2018-09-10 09:30:47 -0500
Processing by Devise::RegistrationsController#create as HTML
  Parameters: {"utf8"=>"✓", "authenticity_token"=>"Et35O/2iU+1t7/7k2G9BtfMwBVuCOxs4bz8TYPQfk7E3GnBpRGwsFCCZoFPq5S7VL18p6PUjX1sIRmomzka3uQ==", "user"=>{"name"=>"Jack", "username"=>"JackJill", "location"=>"Texas", "bio"=>"I'm good at everything", "email"=>"Test@test.com", "password"=>"[FILTERED]", "password_confirmation"=>"[FILTERED]"}, "commit"=>"Sign up"}
  [1m[35m (0.1ms)[0m  [1m[36mbegin transaction[0m
  ↳ /Users/jordanluft/.rvm/gems/ruby-2.4.4/gems/activerecord-5.2.1/lib/active_record/log_subscriber.rb:98
  [1m[36mUser Exists (0.1ms)[0m  [1m[34mSELECT  1 AS one FROM "users" WHERE "users"."email" = ? LIMIT ?[0m  [["email", "test@test.com"], ["LIMIT", 1]]
  ↳ /Users/jordanluft/.rvm/gems/ruby-2.4.4/gems/activerecord-5.2.1/lib/active_record/log_subscriber.rb:98
  [1m[35m (0.0ms)[0m  [1m[31mrollback transaction[0m
  ↳ /Users/jordanluft/.rvm/gems/ruby-2.4.4/gems/activerecord-5.2.1/lib/active_record/log_subscriber.rb:98
  Rendering devise/registrations/new.html.erb within layouts/application
  Rendered devise/shared/_links.html.erb (0.7ms)
  Rendered devise/registrations/new.html.erb within layouts/application (5.2ms)
Completed 200 OK in 182ms (Views: 61.2ms | ActiveRecord: 0.7ms)


Started POST "/users" for 127.0.0.1 at 2018-09-10 09:30:59 -0500
Processing by Devise::RegistrationsController#create as HTML
  Parameters: {"utf8"=>"✓", "authenticity_token"=>"z09KuBY6BB1nyxj53rWMQl33WH5394utG7QVDbKaZdKFP9qY4QDNNjIHNFTh8/YSYJ4wCjgTwL72NS93hsdAXg==", "user"=>{"name"=>"Jack", "username"=>"JackJill", "location"=>"Texas", "bio"=>"I'm good at everything", "email"=>"Test@testt.com", "password"=>"[FILTERED]", "password_confirmation"=>"[FILTERED]"}, "commit"=>"Sign up"}
  [1m[35m (0.1ms)[0m  [1m[36mbegin transaction[0m
  ↳ /Users/jordanluft/.rvm/gems/ruby-2.4.4/gems/activerecord-5.2.1/lib/active_record/log_subscriber.rb:98
  [1m[36mUser Exists (0.1ms)[0m  [1m[34mSELECT  1 AS one FROM "users" WHERE "users"."email" = ? LIMIT ?[0m  [["email", "test@testt.com"], ["LIMIT", 1]]
  ↳ /Users/jordanluft/.rvm/gems/ruby-2.4.4/gems/activerecord-5.2.1/lib/active_record/log_subscriber.rb:98
  [1m[36mUser Create (0.3ms)[0m  [1m[32mINSERT INTO "users" ("email", "encrypted_password", "created_at", "updated_at", "name", "username", "bio", "location") VALUES (?, ?, ?, ?, ?, ?, ?, ?)[0m  [["email", "test@testt.com"], ["encrypted_password", "$2a$11$Am0JK.TDi7tC7kmv7HBnZ.dtoGIsusI2qCSgHXPLqSp.PH0A4Yi6G"], ["created_at", "2018-09-10 14:30:59.276024"], ["updated_at", "2018-09-10 14:30:59.276024"], ["name", "Jack"], ["username", "JackJill"], ["bio", "I'm good at everything"], ["location", "Texas"]]
  ↳ /Users/jordanluft/.rvm/gems/ruby-2.4.4/gems/activerecord-5.2.1/lib/active_record/log_subscriber.rb:98
  [1m[35m (1.5ms)[0m  [1m[36mcommit transaction[0m
  ↳ /Users/jordanluft/.rvm/gems/ruby-2.4.4/gems/activerecord-5.2.1/lib/active_record/log_subscriber.rb:98
Redirected to http://localhost:3000/
Completed 302 Found in 116ms (ActiveRecord: 1.9ms)


Started GET "/" for 127.0.0.1 at 2018-09-10 09:30:59 -0500
Processing by TweetsController#index as HTML
  [1m[36mUser Load (0.2ms)[0m  [1m[34mSELECT  "users".* FROM "users" WHERE "users"."id" = ? ORDER BY "users"."id" ASC LIMIT ?[0m  [["id", 2], ["LIMIT", 1]]
  ↳ /Users/jordanluft/.rvm/gems/ruby-2.4.4/gems/activerecord-5.2.1/lib/active_record/log_subscriber.rb:98
  Rendering tweets/index.html.erb within layouts/application
  [1m[36mTweet Load (0.1ms)[0m  [1m[34mSELECT "tweets".* FROM "tweets"[0m
  ↳ app/views/tweets/index.html.erb:15
  Rendered tweets/index.html.erb within layouts/application (1.5ms)
Completed 200 OK in 68ms (Views: 57.0ms | ActiveRecord: 0.5ms)


